{
  "stats": {
    "suites": 1,
    "tests": 1,
    "passes": 1,
    "pending": 0,
    "failures": 0,
    "start": "2026-06-04T14:20:19.094Z",
    "end": "2026-06-04T14:20:19.332Z",
    "duration": 238,
    "testsRegistered": 1,
    "passPercent": 100,
    "pendingPercent": 0,
    "other": 0,
    "hasOther": false,
    "skipped": 0,
    "hasSkipped": false
  },
  "results": [
    {
      "uuid": "62f4f5ef-f4f2-422c-a4a6-61e20046dcfe",
      "title": "",
      "fullFile": "cypress/e2e/listar_usuarios.cy.js",
      "file": "cypress/e2e/listar_usuarios.cy.js",
      "beforeHooks": [],
      "afterHooks": [],
      "tests": [],
      "suites": [
        {
          "uuid": "5f781adf-7d66-427f-bf66-b14869c68a84",
          "title": "Teste na API serverest.dev",
          "fullFile": "",
          "file": "",
          "beforeHooks": [],
          "afterHooks": [],
          "tests": [
            {
              "title": "Deve listar todos os usuários",
              "fullTitle": "Teste na API serverest.dev Deve listar todos os usuários",
              "timedOut": null,
              "duration": 220,
              "state": "passed",
              "speed": "fast",
              "pass": true,
              "fail": false,
              "pending": false,
              "context": null,
              "code": "cy.request({\n  method: 'GET',\n  url: `${Cypress.expose('url_serve_rest')}/usuarios`,\n  failOnStatusCode: false\n}).then(response => {\n  console.log('Resposta:', response);\n  expect(response.status).to.eq(200);\n  expect(response.body).to.have.property('quantidade');\n  expect(response.body).to.have.property('usuarios');\n  expect(response.body.usuarios).to.be.an('array');\n  expect(response.body.quantidade).to.equal(response.body.usuarios.length);\n});",
              "err": {},
              "uuid": "4ad3add7-394b-4e37-a037-5fb32ad6d247",
              "parentUUID": "5f781adf-7d66-427f-bf66-b14869c68a84",
              "isHook": false,
              "skipped": false
            }
          ],
          "suites": [],
          "passes": [
            "4ad3add7-394b-4e37-a037-5fb32ad6d247"
          ],
          "failures": [],
          "pending": [],
          "skipped": [],
          "duration": 220,
          "root": false,
          "rootEmpty": false,
          "_timeout": 2000
        }
      ],
      "passes": [],
      "failures": [],
      "pending": [],
      "skipped": [],
      "duration": 0,
      "root": true,
      "rootEmpty": true,
      "_timeout": 2000
    }
  ],
  "meta": {
    "mocha": {
      "version": "7.2.0"
    },
    "mochawesome": {
      "options": {
        "quiet": false,
        "reportFilename": "mochawesome",
        "saveHtml": true,
        "saveJson": true,
        "consoleReporter": "spec",
        "useInlineDiffs": false,
        "code": true
      },
      "version": "7.1.4"
    },
    "marge": {
      "options": {
        "reportDir": "cypress/reports",
        "overwrite": false,
        "html": true,
        "json": true
      },
      "version": "6.3.2"
    }
  }
}