{
  "stats": {
    "suites": 1,
    "tests": 1,
    "passes": 1,
    "pending": 0,
    "failures": 0,
    "start": "2026-06-04T14:20:48.623Z",
    "end": "2026-06-04T14:20:55.309Z",
    "duration": 6686,
    "testsRegistered": 1,
    "passPercent": 100,
    "pendingPercent": 0,
    "other": 0,
    "hasOther": false,
    "skipped": 0,
    "hasSkipped": false
  },
  "results": [
    {
      "uuid": "959f9d9b-8642-4cff-8298-bc38b91218aa",
      "title": "",
      "fullFile": "cypress/e2e/validacoes/cadastro_email_duplicado.cy.js",
      "file": "cypress/e2e/validacoes/cadastro_email_duplicado.cy.js",
      "beforeHooks": [],
      "afterHooks": [],
      "tests": [],
      "suites": [
        {
          "uuid": "9669dacf-ee2a-4856-aa7f-f1b7495472ee",
          "title": "Cadastro de usuário",
          "fullFile": "",
          "file": "",
          "beforeHooks": [],
          "afterHooks": [],
          "tests": [
            {
              "title": "Não deve permitir cadastro com e-mail já existente",
              "fullTitle": "Cadastro de usuário Não deve permitir cadastro com e-mail já existente",
              "timedOut": null,
              "duration": 6674,
              "state": "passed",
              "speed": "medium",
              "pass": true,
              "fail": false,
              "pending": false,
              "context": null,
              "code": "const usuario = (0, _user.createUser)();\n// Primeiro cadastro\ncy.request({\n  method: 'POST',\n  url: `${Cypress.expose('url_serve_rest')}/usuarios`,\n  body: usuario\n}).then(response => {\n  expect(response.status).to.eq(201);\n  // Tentativa de cadastro duplicado\n  return cy.request({\n    method: 'POST',\n    url: `${Cypress.expose('url_serve_rest')}/usuarios`,\n    body: usuario,\n    failOnStatusCode: false\n  });\n}).then(response => {\n  expect(response.status).to.eq(400);\n  expect(response.body.message).to.eq('Este email já está sendo usado');\n});",
              "err": {},
              "uuid": "1e1028c4-b905-46a4-a4d9-5463806e9683",
              "parentUUID": "9669dacf-ee2a-4856-aa7f-f1b7495472ee",
              "isHook": false,
              "skipped": false
            }
          ],
          "suites": [],
          "passes": [
            "1e1028c4-b905-46a4-a4d9-5463806e9683"
          ],
          "failures": [],
          "pending": [],
          "skipped": [],
          "duration": 6674,
          "root": false,
          "rootEmpty": false,
          "_timeout": 2000
        }
      ],
      "passes": [],
      "failures": [],
      "pending": [],
      "skipped": [],
      "duration": 0,
      "root": true,
      "rootEmpty": true,
      "_timeout": 2000
    }
  ],
  "meta": {
    "mocha": {
      "version": "7.2.0"
    },
    "mochawesome": {
      "options": {
        "quiet": false,
        "reportFilename": "mochawesome",
        "saveHtml": true,
        "saveJson": true,
        "consoleReporter": "spec",
        "useInlineDiffs": false,
        "code": true
      },
      "version": "7.1.4"
    },
    "marge": {
      "options": {
        "reportDir": "cypress/reports",
        "overwrite": false,
        "html": true,
        "json": true
      },
      "version": "6.3.2"
    }
  }
}