{
  "stats": {
    "suites": 2,
    "tests": 2,
    "passes": 2,
    "pending": 0,
    "failures": 0,
    "start": "2026-06-04T14:20:57.586Z",
    "end": "2026-06-04T14:21:05.194Z",
    "duration": 7608,
    "testsRegistered": 2,
    "passPercent": 100,
    "pendingPercent": 0,
    "other": 0,
    "hasOther": false,
    "skipped": 0,
    "hasSkipped": false
  },
  "results": [
    {
      "uuid": "1e7e589f-31ba-4ff6-bd8f-108c75f93eca",
      "title": "",
      "fullFile": "cypress/e2e/validacoes/excluir_usuario_inexistente.cy.js",
      "file": "cypress/e2e/validacoes/excluir_usuario_inexistente.cy.js",
      "beforeHooks": [],
      "afterHooks": [],
      "tests": [],
      "suites": [
        {
          "uuid": "5fa86c23-4791-4563-9263-38da36f09b74",
          "title": "Exclusão de usuário",
          "fullFile": "",
          "file": "",
          "beforeHooks": [],
          "afterHooks": [],
          "tests": [
            {
              "title": "Deve excluir um usuário com sucesso",
              "fullTitle": "Exclusão de usuário Deve excluir um usuário com sucesso",
              "timedOut": null,
              "duration": 7386,
              "state": "passed",
              "speed": "medium",
              "pass": true,
              "fail": false,
              "pending": false,
              "context": null,
              "code": "const usuario = (0, _user.createUser)();\n// Cria usuário\ncy.request({\n  method: 'POST',\n  url: `${Cypress.expose('url_serve_rest')}/usuarios`,\n  body: usuario\n}).then(response => {\n  const userId = response.body._id;\n  // Exclui usuário criado\n  return cy.request({\n    method: 'DELETE',\n    url: `${Cypress.expose('url_serve_rest')}/usuarios/${userId}`\n  });\n}).then(response => {\n  expect(response.status).to.eq(200);\n  expect(response.body.message).to.eq('Registro excluído com sucesso');\n});",
              "err": {},
              "uuid": "5e4de23c-2f17-4bf2-ba56-80d508a6e5c8",
              "parentUUID": "5fa86c23-4791-4563-9263-38da36f09b74",
              "isHook": false,
              "skipped": false
            }
          ],
          "suites": [],
          "passes": [
            "5e4de23c-2f17-4bf2-ba56-80d508a6e5c8"
          ],
          "failures": [],
          "pending": [],
          "skipped": [],
          "duration": 7386,
          "root": false,
          "rootEmpty": false,
          "_timeout": 2000
        },
        {
          "uuid": "52fee9a4-f2df-4d97-a6ff-87065e905b9b",
          "title": "Exclusão de usuário",
          "fullFile": "",
          "file": "",
          "beforeHooks": [],
          "afterHooks": [],
          "tests": [
            {
              "title": "Deve retornar erro ao excluir usuário inexistente",
              "fullTitle": "Exclusão de usuário Deve retornar erro ao excluir usuário inexistente",
              "timedOut": null,
              "duration": 200,
              "state": "passed",
              "speed": "fast",
              "pass": true,
              "fail": false,
              "pending": false,
              "context": null,
              "code": "cy.request({\n  method: 'DELETE',\n  url: `${Cypress.expose('url_serve_rest')}/usuarios/id_inexistente`,\n  failOnStatusCode: false\n}).then(response => {\n  console.log(response);\n  expect(response.status).to.eq(200);\n  expect(response.body.message).to.eq('Nenhum registro excluído');\n});",
              "err": {},
              "uuid": "8d4193b6-5aa0-4f27-9af9-246c385c6614",
              "parentUUID": "52fee9a4-f2df-4d97-a6ff-87065e905b9b",
              "isHook": false,
              "skipped": false
            }
          ],
          "suites": [],
          "passes": [
            "8d4193b6-5aa0-4f27-9af9-246c385c6614"
          ],
          "failures": [],
          "pending": [],
          "skipped": [],
          "duration": 200,
          "root": false,
          "rootEmpty": false,
          "_timeout": 2000
        }
      ],
      "passes": [],
      "failures": [],
      "pending": [],
      "skipped": [],
      "duration": 0,
      "root": true,
      "rootEmpty": true,
      "_timeout": 2000
    }
  ],
  "meta": {
    "mocha": {
      "version": "7.2.0"
    },
    "mochawesome": {
      "options": {
        "quiet": false,
        "reportFilename": "mochawesome",
        "saveHtml": true,
        "saveJson": true,
        "consoleReporter": "spec",
        "useInlineDiffs": false,
        "code": true
      },
      "version": "7.1.4"
    },
    "marge": {
      "options": {
        "reportDir": "cypress/reports",
        "overwrite": false,
        "html": true,
        "json": true
      },
      "version": "6.3.2"
    }
  }
}